2021-01-17 02:08:14,477 [Worker-0: Loading available Gradle versions] INFO  o.e.b.c.i.u.g.PublishedGradleVersions - Gradle version information cache is up-to-date. Trying to read.
2021-01-17 02:10:15,707 [Worker-10: Updating Maven Dependencies] INFO  o.e.m.c.i.l.LifecycleMappingFactory - Using org.maven.ide.eclipse.wtp.WarLifecycleMapping lifecycle mapping for MavenProject: com.theWheel.projects:YouShopPretty:0.0.1-SNAPSHOT @ C:\Users\loicn\OneDrive\Bureau\YouPrettyShop\YouShopPretty\pom.xml.
2021-01-17 02:10:15,707 [Worker-4: Building] INFO  o.e.m.c.i.l.LifecycleMappingFactory - Using org.maven.ide.eclipse.wtp.WarLifecycleMapping lifecycle mapping for MavenProject: com.theWheel.projects:YouShopPretty:0.0.1-SNAPSHOT @ C:\Users\loicn\OneDrive\Bureau\YouPrettyShop\YouShopPretty\pom.xml.
2021-01-17 02:10:21,118 [Worker-4: Building] INFO  o.e.m.c.i.e.AbstractTransferListenerAdapter - Downloading https://repo.maven.apache.org/maven2/org/apache/tomee/maven/tomee-maven-plugin/8.0.5/tomee-maven-plugin-8.0.5.pom
2021-01-17 02:10:21,265 [Worker-4: Building] INFO  o.e.m.c.i.e.AbstractTransferListenerAdapter - Downloaded https://repo.maven.apache.org/maven2/org/apache/tomee/maven/tomee-maven-plugin/8.0.5/tomee-maven-plugin-8.0.5.pom
2021-01-17 02:10:21,364 [Worker-4: Building] INFO  o.e.m.c.i.e.AbstractTransferListenerAdapter - Downloading https://repo.maven.apache.org/maven2/org/apache/tomee/maven/maven/8.0.5/maven-8.0.5.pom
2021-01-17 02:10:21,403 [Worker-4: Building] INFO  o.e.m.c.i.e.AbstractTransferListenerAdapter - Downloaded https://repo.maven.apache.org/maven2/org/apache/tomee/maven/maven/8.0.5/maven-8.0.5.pom
2021-01-17 02:10:21,439 [Worker-4: Building] INFO  o.e.m.c.i.e.AbstractTransferListenerAdapter - Downloading https://repo.maven.apache.org/maven2/org/apache/tomee/tomee-project/8.0.5/tomee-project-8.0.5.pom
2021-01-17 02:10:21,724 [Worker-4: Building] INFO  o.e.m.c.i.e.AbstractTransferListenerAdapter - Downloaded https://repo.maven.apache.org/maven2/org/apache/tomee/tomee-project/8.0.5/tomee-project-8.0.5.pom
2021-01-17 02:10:21,903 [Worker-4: Building] INFO  o.e.m.c.i.e.AbstractTransferListenerAdapter - Downloading https://repo.maven.apache.org/maven2/org/apache/tomee/maven/tomee-maven-plugin/8.0.5/tomee-maven-plugin-8.0.5.jar
2021-01-17 02:10:21,978 [Worker-4: Building] INFO  o.e.m.c.i.e.AbstractTransferListenerAdapter - Downloaded https://repo.maven.apache.org/maven2/org/apache/tomee/maven/tomee-maven-plugin/8.0.5/tomee-maven-plugin-8.0.5.jar
2021-01-17 02:10:33,981 [Worker-4: Building] INFO  o.e.m.c.i.embedder.EclipseLogger - Using 'UTF-8' encoding to copy filtered resources.
2021-01-17 02:10:33,982 [Worker-4: Building] INFO  o.e.m.c.i.embedder.EclipseLogger - skip non existing resourceDirectory C:\Users\loicn\OneDrive\Bureau\YouPrettyShop\YouShopPretty\src\main\resources
2021-01-17 02:10:33,993 [Worker-4: Building] INFO  o.e.m.c.i.embedder.EclipseLogger - Using 'UTF-8' encoding to copy filtered resources.
2021-01-17 02:10:33,994 [Worker-4: Building] INFO  o.e.m.c.i.embedder.EclipseLogger - skip non existing resourceDirectory C:\Users\loicn\OneDrive\Bureau\YouPrettyShop\YouShopPretty\src\test\resources
2021-01-17 02:10:36,837 [Worker-16: Updating Maven Dependencies] INFO  o.e.m.c.i.l.LifecycleMappingFactory - Using org.maven.ide.eclipse.wtp.WarLifecycleMapping lifecycle mapping for MavenProject: com.theWheel.projects:YouShopPretty:0.0.1-SNAPSHOT @ C:\Users\loicn\OneDrive\Bureau\YouPrettyShop\YouShopPretty\pom.xml.
2021-01-17 02:10:36,851 [Worker-5: Building] INFO  o.e.m.c.i.embedder.EclipseLogger - Using 'UTF-8' encoding to copy filtered resources.
2021-01-17 02:10:36,852 [Worker-5: Building] INFO  o.e.m.c.i.embedder.EclipseLogger - skip non existing resourceDirectory C:\Users\loicn\OneDrive\Bureau\YouPrettyShop\YouShopPretty\src\main\resources
2021-01-17 02:10:36,855 [Worker-5: Building] INFO  o.e.m.c.i.embedder.EclipseLogger - Using 'UTF-8' encoding to copy filtered resources.
2021-01-17 02:10:36,855 [Worker-5: Building] INFO  o.e.m.c.i.embedder.EclipseLogger - skip non existing resourceDirectory C:\Users\loicn\OneDrive\Bureau\YouPrettyShop\YouShopPretty\src\test\resources
2021-01-17 02:10:38,777 [Worker-13: Building] INFO  o.e.m.c.i.embedder.EclipseLogger - Using 'UTF-8' encoding to copy filtered resources.
2021-01-17 02:10:38,778 [Worker-13: Building] INFO  o.e.m.c.i.embedder.EclipseLogger - skip non existing resourceDirectory C:\Users\loicn\OneDrive\Bureau\YouPrettyShop\YouShopPretty\src\main\resources
2021-01-17 02:10:38,779 [Worker-13: Building] INFO  o.e.m.c.i.embedder.EclipseLogger - Using 'UTF-8' encoding to copy filtered resources.
2021-01-17 02:10:38,780 [Worker-13: Building] INFO  o.e.m.c.i.embedder.EclipseLogger - skip non existing resourceDirectory C:\Users\loicn\OneDrive\Bureau\YouPrettyShop\YouShopPretty\src\test\resources
2021-01-17 02:14:11,092 [Worker-13: Building] INFO  o.e.m.c.i.embedder.EclipseLogger - Using 'UTF-8' encoding to copy filtered resources.
2021-01-17 02:14:11,092 [Worker-13: Building] INFO  o.e.m.c.i.embedder.EclipseLogger - skip non existing resourceDirectory C:\Users\loicn\OneDrive\Bureau\YouPrettyShop\YouShopPretty\src\main\resources
2021-01-17 02:14:11,094 [Worker-13: Building] INFO  o.e.m.c.i.embedder.EclipseLogger - Using 'UTF-8' encoding to copy filtered resources.
2021-01-17 02:14:11,096 [Worker-13: Building] INFO  o.e.m.c.i.embedder.EclipseLogger - skip non existing resourceDirectory C:\Users\loicn\OneDrive\Bureau\YouPrettyShop\YouShopPretty\src\test\resources
2021-01-17 02:14:26,007 [Worker-18: Launching Executing clean in C__Users_loicn_OneDrive_Bureau_YouPrettyShop_YouShopPretty] INFO  o.e.m.i.launch.MavenLaunchDelegate - C:\Users\loicn\OneDrive\Bureau\YouPrettyShop\YouShopPretty
2021-01-17 02:14:26,008 [Worker-18: Launching Executing clean in C__Users_loicn_OneDrive_Bureau_YouPrettyShop_YouShopPretty] INFO  o.e.m.i.launch.MavenLaunchDelegate -  mvn -B clean
2021-01-17 02:14:32,352 [Worker-24: Building] INFO  o.e.m.c.i.embedder.EclipseLogger - Using 'UTF-8' encoding to copy filtered resources.
2021-01-17 02:14:32,352 [Worker-24: Building] INFO  o.e.m.c.i.embedder.EclipseLogger - skip non existing resourceDirectory C:\Users\loicn\OneDrive\Bureau\YouPrettyShop\YouShopPretty\src\main\resources
2021-01-17 02:14:32,354 [Worker-24: Building] INFO  o.e.m.c.i.embedder.EclipseLogger - Using 'UTF-8' encoding to copy filtered resources.
2021-01-17 02:14:32,354 [Worker-24: Building] INFO  o.e.m.c.i.embedder.EclipseLogger - skip non existing resourceDirectory C:\Users\loicn\OneDrive\Bureau\YouPrettyShop\YouShopPretty\src\test\resources
2021-01-17 02:14:32,355 [Worker-24: Building] INFO  o.e.m.w.i.f.ResourceFilteringBuildParticipant - Changed resources require a complete clean of filtered resources of YouShopPretty
2021-01-17 02:14:32,356 [Worker-24: Building] INFO  o.e.m.w.i.f.ResourceFilteringBuildParticipant - Executing resource filtering for YouShopPretty
2021-01-17 02:14:32,374 [Worker-24: Building] INFO  o.e.m.c.i.embedder.EclipseLogger - Using 'UTF-8' encoding to copy filtered resources.
2021-01-17 02:51:45,144 [Worker-38: Building] INFO  o.e.m.c.i.embedder.EclipseLogger - Using 'UTF-8' encoding to copy filtered resources.
2021-01-17 02:51:45,179 [Worker-38: Building] INFO  o.e.m.c.i.embedder.EclipseLogger - skip non existing resourceDirectory C:\Users\loicn\OneDrive\Bureau\YouPrettyShop\YouShopPretty\src\main\resources
2021-01-17 02:51:45,181 [Worker-38: Building] INFO  o.e.m.c.i.embedder.EclipseLogger - Using 'UTF-8' encoding to copy filtered resources.
2021-01-17 02:51:45,181 [Worker-38: Building] INFO  o.e.m.c.i.embedder.EclipseLogger - skip non existing resourceDirectory C:\Users\loicn\OneDrive\Bureau\YouPrettyShop\YouShopPretty\src\test\resources
2021-01-17 02:51:56,021 [Worker-34: Building] INFO  o.e.m.c.i.embedder.EclipseLogger - Using 'UTF-8' encoding to copy filtered resources.
2021-01-17 02:51:56,022 [Worker-34: Building] INFO  o.e.m.c.i.embedder.EclipseLogger - skip non existing resourceDirectory C:\Users\loicn\OneDrive\Bureau\YouPrettyShop\YouShopPretty\src\main\resources
2021-01-17 02:51:56,026 [Worker-34: Building] INFO  o.e.m.c.i.embedder.EclipseLogger - Using 'UTF-8' encoding to copy filtered resources.
2021-01-17 02:51:56,027 [Worker-34: Building] INFO  o.e.m.c.i.embedder.EclipseLogger - skip non existing resourceDirectory C:\Users\loicn\OneDrive\Bureau\YouPrettyShop\YouShopPretty\src\test\resources
2021-01-17 02:55:58,912 [Worker-35: Building] INFO  o.e.m.c.i.embedder.EclipseLogger - Using 'UTF-8' encoding to copy filtered resources.
2021-01-17 02:55:58,913 [Worker-35: Building] INFO  o.e.m.c.i.embedder.EclipseLogger - skip non existing resourceDirectory C:\Users\loicn\OneDrive\Bureau\YouPrettyShop\YouShopPretty\src\main\resources
2021-01-17 02:55:58,914 [Worker-35: Building] INFO  o.e.m.c.i.embedder.EclipseLogger - Using 'UTF-8' encoding to copy filtered resources.
2021-01-17 02:55:58,915 [Worker-35: Building] INFO  o.e.m.c.i.embedder.EclipseLogger - skip non existing resourceDirectory C:\Users\loicn\OneDrive\Bureau\YouPrettyShop\YouShopPretty\src\test\resources
